[2022-04-03 23:52:11,225] - Loading  - Загрузка модулей
[2022-04-03 23:52:11,781] - Loading  -   administration загружен
[2022-04-03 23:52:11,785] - Loading  -   error_handler загружен
[2022-04-03 23:52:12,122] - Loading  -   events загружен
[2022-04-03 23:52:12,135] - Loading  -   funcs загружен
[2022-04-03 23:52:12,150] - Loading  -   images загружен
[2022-04-03 23:52:12,951] - Loading  -   information загружен
[2022-04-03 23:52:12,954] - Loading  -   ml_cog загружен
[2022-04-03 23:52:13,161] - NumExpr defaulting to 2 threads.
[2022-04-03 23:52:13,693] - Loading  -   spotter загружен
[2022-04-03 23:52:14,711] - Loading  -   tasks загружен
[2022-04-03 23:52:14,712] - logging in using static token
[2022-04-03 23:52:15,606] - Shard ID None has sent the IDENTIFY payload.
[2022-04-03 23:52:15,853] - Shard ID None has connected to Gateway: ["gateway-prd-main-mqjt",{"micros":108193,"calls":["discord-sessions-blue-prd-2-27",{"micros":102141,"calls":["start_session",{"micros":51797,"calls":["discord-api-745994f666-rkrxs",{"micros":46560,"calls":["get_user",{"micros":9238},"add_authorized_ip",{"micros":2465},"get_guilds",{"micros":3818},"coros_wait",{"micros":3}]}]},"guilds_connect",{"micros":2,"calls":[]},"presence_connect",{"micros":24131,"calls":[]}]}]}] (Session ID: 0a607bfd5f5f02bf274adcf6dbecd0c7).
[2022-04-03 23:52:15,854] - Database - Инициализация
[2022-04-03 23:52:16,040] - Database -    Инициализация стандартных параметров
[2022-04-03 23:52:16,041] - Database -    Инициализация параметров ML
[2022-04-03 23:52:16,425] - Database -    Добавление отсутствующих в таблицу
[2022-04-03 23:52:16,425] - Database -    Инициализация параметров серверов
[2022-04-03 23:52:16,826] -          -    Очистка временных файлов
[2022-04-03 23:52:16,827] - Database - Инициализация прошла успешно за 0.97 с.
[2022-04-03 23:52:16,827] - ML       - Инициализация ML
[2022-04-03 23:52:16,828] - Event    - Подключение за 7.84 с.
[2022-04-03 23:52:22,939] - Command  - Выполнение "ram"
[2022-04-03 23:52:23,395] - Command  -   Команда выполнена за 0.46 с.
